<?xml version="1.0" encoding="UTF-8"?>
<!-- Generated by org.testng.reporters.JUnitReportReporter -->
<testsuite hostname="prabhat-goswami" failures="0" tests="2" name="Annotation" time="0.011" errors="0" timestamp="2020-04-16T00:15:14 IST" skipped="0">
  <testcase classname="Annotation" name="testCase2" time="0.002"/>
  <system-out/>
  <testcase classname="Annotation" name="testCase1" time="0.009"/>
  <system-out/>
</testsuite> <!-- Annotation -->
